[2025-06-16 21:00:01] Starting page content processor. Mode: CLI
[2025-06-16 21:00:02] No task items need page content processing
[2025-06-16 21:00:02] Page content processor finished
[2025-06-16 21:02:01] Starting page content processor. Mode: CLI
[2025-06-16 21:02:01] Found 4 task items to process
[2025-06-16 21:02:01] Processing page content for task item ID: 11, URL: https://maicon.pl/plecaki-164
[2025-06-16 21:02:02] Successfully fetched content for https://maicon.pl/plecaki-164 (418 characters)
[2025-06-16 21:02:03] Processing page content for task item ID: 12, URL: https://maicon.pl/skarpety-damskie-70
[2025-06-16 21:02:04] Successfully fetched content for https://maicon.pl/skarpety-damskie-70 (266 characters)
[2025-06-16 21:02:05] Processing page content for task item ID: 13, URL: https://maicon.pl/chusty-106
[2025-06-16 21:02:05] Successfully fetched content for https://maicon.pl/chusty-106 (735 characters)
[2025-06-16 21:02:06] Processing page content for task item ID: 14, URL: https://maicon.pl/tuniki-z-krotkim-rekawem-47
[2025-06-16 21:02:07] Successfully fetched content for https://maicon.pl/tuniki-z-krotkim-rekawem-47 (336 characters)
[2025-06-16 21:02:08] Page content processor finished
[2025-06-16 21:04:01] Starting page content processor. Mode: CLI
[2025-06-16 21:04:01] No task items need page content processing
[2025-06-16 21:04:01] Page content processor finished
[2025-06-16 21:06:01] Starting page content processor. Mode: CLI
[2025-06-16 21:06:01] No task items need page content processing
[2025-06-16 21:06:01] Page content processor finished
[2025-06-16 21:08:01] Starting page content processor. Mode: CLI
[2025-06-16 21:08:01] No task items need page content processing
[2025-06-16 21:08:01] Page content processor finished
[2025-06-16 21:10:01] Starting page content processor. Mode: CLI
[2025-06-16 21:10:01] No task items need page content processing
[2025-06-16 21:10:01] Page content processor finished
[2025-06-16 21:12:01] Starting page content processor. Mode: CLI
[2025-06-16 21:12:01] No task items need page content processing
[2025-06-16 21:12:01] Page content processor finished
[2025-06-16 21:14:01] Starting page content processor. Mode: CLI
[2025-06-16 21:14:01] No task items need page content processing
[2025-06-16 21:14:01] Page content processor finished
[2025-06-16 21:16:02] Starting page content processor. Mode: CLI
[2025-06-16 21:16:02] No task items need page content processing
[2025-06-16 21:16:02] Page content processor finished
[2025-06-16 21:18:01] Starting page content processor. Mode: CLI
[2025-06-16 21:18:01] No task items need page content processing
[2025-06-16 21:18:01] Page content processor finished
[2025-06-16 21:20:01] Starting page content processor. Mode: CLI
[2025-06-16 21:20:01] No task items need page content processing
[2025-06-16 21:20:01] Page content processor finished
[2025-06-16 21:22:01] Starting page content processor. Mode: CLI
[2025-06-16 21:22:01] No task items need page content processing
[2025-06-16 21:22:01] Page content processor finished
[2025-06-16 21:24:01] Starting page content processor. Mode: CLI
[2025-06-16 21:24:01] No task items need page content processing
[2025-06-16 21:24:01] Page content processor finished
[2025-06-16 21:26:01] Starting page content processor. Mode: CLI
[2025-06-16 21:26:01] No task items need page content processing
[2025-06-16 21:26:01] Page content processor finished
[2025-06-16 21:28:01] Starting page content processor. Mode: CLI
[2025-06-16 21:28:01] No task items need page content processing
[2025-06-16 21:28:01] Page content processor finished
[2025-06-16 21:30:01] Starting page content processor. Mode: CLI
[2025-06-16 21:30:01] No task items need page content processing
[2025-06-16 21:30:01] Page content processor finished
[2025-06-16 21:32:01] Starting page content processor. Mode: CLI
[2025-06-16 21:32:01] Found 1 task items to process
[2025-06-16 21:32:01] Processing page content for task item ID: 15, URL: https://maicon.pl
[2025-06-16 21:32:03] Successfully fetched content for https://maicon.pl (142 characters)
[2025-06-16 21:32:04] Page content processor finished
[2025-06-16 21:34:01] Starting page content processor. Mode: CLI
[2025-06-16 21:34:01] No task items need page content processing
[2025-06-16 21:34:01] Page content processor finished
[2025-06-16 21:36:01] Starting page content processor. Mode: CLI
[2025-06-16 21:36:01] No task items need page content processing
[2025-06-16 21:36:01] Page content processor finished
[2025-06-16 21:38:01] Starting page content processor. Mode: CLI
[2025-06-16 21:38:01] No task items need page content processing
[2025-06-16 21:38:01] Page content processor finished
[2025-06-16 21:40:01] Starting page content processor. Mode: CLI
[2025-06-16 21:40:01] No task items need page content processing
[2025-06-16 21:40:01] Page content processor finished
[2025-06-16 21:42:01] Starting page content processor. Mode: CLI
[2025-06-16 21:42:01] No task items need page content processing
[2025-06-16 21:42:01] Page content processor finished
